<?xml version="1.0" encoding="UTF-8"?>
<!-- Generated by org.testng.reporters.JUnitReportReporter -->
<testsuite hostname="Rishad" failures="0" tests="1" name="TestRunner.TestRunner" time="12.977" errors="0" timestamp="2023-09-24T12:58:18 CDT" skipped="0">
  <testcase classname="TestRunner.TestRunner" name="feature" time="12.977"/>
</testsuite> <!-- TestRunner.TestRunner -->
